[0507/171452.479:ERROR:process_info.cc(118)] ReadProcessMemory bool __cdecl crashpad::(anonymous namespace)::ReadStruct(HANDLE, crashpad::WinVMAddress, T *) [T = crashpad::process_types::PEB<crashpad::process_types::internal::Traits64>]: Only part of a ReadProcessMemory or WriteProcessMemory request was completed. (0x12B)
[0507/171453.160:ERROR:process_memory_win.cc(73)] ReadMemory at 0x7ffdf834bd28 of 12 bytes failed: Only part of a ReadProcessMemory or WriteProcessMemory request was completed. (0x12B)
[0507/171452.479:ERROR:process_info.cc(118)] ReadProcessMemory bool __cdecl crashpad::(anonymous namespace)::ReadStruct(HANDLE, crashpad::WinVMAddress, T *) [T = crashpad::process_types::PEB<crashpad::process_types::internal::Traits64>]: Only part of a ReadProcessMemory or WriteProcessMemory request was completed. (0x12B)
[0507/171453.266:ERROR:process_info.cc(551)] ReadProcessData failed
[0507/171453.266:WARNING:process_snapshot_win.cc(71)] ReadMemory ExceptionInformation failed
[0507/171452.953:ERROR:process_info.cc(329)] VirtualQueryEx: Access is denied. (0x5)
[0507/171453.266:ERROR:process_info.cc(556)] ReadMemoryInfo failed
[0507/171453.266:ERROR:process_info.cc(551)] ReadProcessData failed
[0507/171453.267:ERROR:process_memory_win.cc(39)] Failed to initialize ProcessInfo.
[0507/171452.604:ERROR:process_info.cc(329)] VirtualQueryEx: Access is denied. (0x5)
[0507/171453.267:ERROR:process_info.cc(556)] ReadMemoryInfo failed
[0507/171453.160:ERROR:process_memory_win.cc(73)] ReadMemory at 0x7ffdf834bd28 of 12 bytes failed: Only part of a ReadProcessMemory or WriteProcessMemory request was completed. (0x12B)
[0507/171453.267:WARNING:process_snapshot_win.cc(71)] ReadMemory ExceptionInformation failed
[0507/171452.517:ERROR:process_info.cc(329)] VirtualQueryEx: Access is denied. (0x5)
[0507/171453.267:ERROR:process_info.cc(556)] ReadMemoryInfo failed
[0507/171453.160:ERROR:process_memory_win.cc(73)] ReadMemory at 0x7ffdf834bd28 of 12 bytes failed: Only part of a ReadProcessMemory or WriteProcessMemory request was completed. (0x12B)
[0507/171453.268:WARNING:process_snapshot_win.cc(71)] ReadMemory ExceptionInformation failed
[0507/171453.265:ERROR:scoped_process_suspend.cc(40)] NtResumeProcess: An attempt was made to access an exiting process. (0xc000010a)
[0507/171453.267:ERROR:scoped_process_suspend.cc(40)] NtResumeProcess: An attempt was made to access an exiting process. (0xc000010a)
[0507/171453.266:ERROR:scoped_process_suspend.cc(40)] NtResumeProcess: An attempt was made to access an exiting process. (0xc000010a)
[0507/171453.266:ERROR:scoped_process_suspend.cc(40)] NtResumeProcess: An attempt was made to access an exiting process. (0xc000010a)
[0507/171453.267:ERROR:scoped_process_suspend.cc(40)] NtResumeProcess: An attempt was made to access an exiting process. (0xc000010a)
[0507/171452.972:ERROR:scoped_process_suspend.cc(31)] NtSuspendProcess: An attempt was made to access an exiting process. (0xc000010a)
[0507/171453.366:ERROR:process_info.cc(118)] ReadProcessMemory bool __cdecl crashpad::(anonymous namespace)::ReadStruct(HANDLE, crashpad::WinVMAddress, T *) [T = crashpad::process_types::PEB<crashpad::process_types::internal::Traits64>]: Only part of a ReadProcessMemory or WriteProcessMemory request was completed. (0x12B)
[0507/171453.267:ERROR:scoped_process_suspend.cc(40)] NtResumeProcess: An attempt was made to access an exiting process. (0xc000010a)
[0507/171453.268:ERROR:scoped_process_suspend.cc(40)] NtResumeProcess: An attempt was made to access an exiting process. (0xc000010a)
[0507/171452.738:ERROR:scoped_process_suspend.cc(31)] NtSuspendProcess: An attempt was made to access an exiting process. (0xc000010a)
[0507/171453.267:ERROR:scoped_process_suspend.cc(40)] NtResumeProcess: An attempt was made to access an exiting process. (0xc000010a)
[0507/171453.267:ERROR:scoped_process_suspend.cc(40)] NtResumeProcess: An attempt was made to access an exiting process. (0xc000010a)
[0507/171453.367:ERROR:process_info.cc(551)] ReadProcessData failed
[0507/171453.367:ERROR:process_info.cc(118)] ReadProcessMemory bool __cdecl crashpad::(anonymous namespace)::ReadStruct(HANDLE, crashpad::WinVMAddress, T *) [T = crashpad::process_types::PEB<crashpad::process_types::internal::Traits64>]: Only part of a ReadProcessMemory or WriteProcessMemory request was completed. (0x12B)
[0507/171452.972:ERROR:scoped_process_suspend.cc(31)] NtSuspendProcess: An attempt was made to access an exiting process. (0xc000010a)
[0507/171453.367:ERROR:process_info.cc(551)] ReadProcessData failed
[0507/171453.367:ERROR:process_info.cc(118)] ReadProcessMemory bool __cdecl crashpad::(anonymous namespace)::ReadStruct(HANDLE, crashpad::WinVMAddress, T *) [T = crashpad::process_types::PEB<crashpad::process_types::internal::Traits64>]: Only part of a ReadProcessMemory or WriteProcessMemory request was completed. (0x12B)
[0507/171453.367:ERROR:process_info.cc(551)] ReadProcessData failed
